# JRE version: OpenJDK Runtime Environment Temurin-21.0.8+9 (21.0.8+9) (build 21.0.8+9-LTS)
# Java VM: OpenJDK 64-Bit Server VM Temurin-21.0.8+9 (21.0.8+9-LTS, mixed mode, emulated-client, sharing, tiered, compressed oops, compressed class ptrs, g1 gc, windows-amd64)
GC Precious Log:
 CardTable entry size: 512
 Card Set container configuration: InlinePtr #cards 5 size 8 Array Of Cards #cards 12 size 40 Howl #buckets 4 coarsen threshold 1843 Howl Bitmap #cards 512 size 80 coarsen threshold 460 Card regions per heap region 1 cards per card region 2048
 CPUs: 8 total, 8 available
 Memory: 8037M
 Large Page Support: Disabled
 NUMA Support: Disabled
 Compressed Oops: Enabled (32-bit)
 Heap Region Size: 1M
 Heap Min Capacity: 8M
 Heap Initial Capacity: 126M
 Heap Max Capacity: 1G
 Pre-touch: Disabled
 Parallel Workers: 8
 Concurrent Workers: 2
 Concurrent Refinement Workers: 8
 Periodic GC: Disabled
Heap:
 garbage-first heap   total 76800K, used 38959K [0x00000000c0000000, 0x0000000100000000)
  region size 1024K, 1 young (1024K), 0 survivors (0K)
 Metaspace       used 57148K, committed 57984K, reserved 1114112K
  class space    used 7215K, committed 7616K, reserved 1048576K
GC Heap History (20 events):
Event: 1044.723 GC heap after
{Heap after GC invocations=99 (full 81):
 garbage-first heap   total 76800K, used 38959K [0x00000000c0000000, 0x0000000100000000)
  region size 1024K, 0 young (0K), 0 survivors (0K)
 Metaspace       used 57148K, committed 57984K, reserved 1114112K
  class space    used 7215K, committed 7616K, reserved 1048576K
}
Event: 1054.944 GC heap before
{Heap before GC invocations=99 (full 81):
 garbage-first heap   total 76800K, used 38959K [0x00000000c0000000, 0x0000000100000000)
  region size 1024K, 1 young (1024K), 0 survivors (0K)
 Metaspace       used 57148K, committed 57984K, reserved 1114112K
  class space    used 7215K, committed 7616K, reserved 1048576K
}
Event: 1054.984 GC heap after
{Heap after GC invocations=100 (full 82):
 garbage-first heap   total 76800K, used 38959K [0x00000000c0000000, 0x0000000100000000)
  region size 1024K, 0 young (0K), 0 survivors (0K)
 Metaspace       used 57148K, committed 57984K, reserved 1114112K
  class space    used 7215K, committed 7616K, reserved 1048576K
}
Event: 1065.172 GC heap before
{Heap before GC invocations=100 (full 82):
 garbage-first heap   total 76800K, used 38959K [0x00000000c0000000, 0x0000000100000000)
  region size 1024K, 1 young (1024K), 0 survivors (0K)
 Metaspace       used 57148K, committed 57984K, reserved 1114112K
  class space    used 7215K, committed 7616K, reserved 1048576K
}
Event: 1065.220 GC heap after
{Heap after GC invocations=101 (full 83):
 garbage-first heap   total 76800K, used 38959K [0x00000000c0000000, 0x0000000100000000)
  region size 1024K, 0 young (0K), 0 survivors (0K)
 Metaspace       used 57148K, committed 57984K, reserved 1114112K
  class space    used 7215K, committed 7616K, reserved 1048576K
}
Event: 1075.426 GC heap before
{Heap before GC invocations=101 (full 83):
 garbage-first heap   total 76800K, used 38959K [0x00000000c0000000, 0x0000000100000000)
  region size 1024K, 1 young (1024K), 0 survivors (0K)
 Metaspace       used 57148K, committed 57984K, reserved 1114112K
  class space    used 7215K, committed 7616K, reserved 1048576K
}
Event: 1075.475 GC heap after
{Heap after GC invocations=102 (full 84):
 garbage-first heap   total 76800K, used 38959K [0x00000000c0000000, 0x0000000100000000)
  region size 1024K, 0 young (0K), 0 survivors (0K)
 Metaspace       used 57148K, committed 57984K, reserved 1114112K
  class space    used 7215K, committed 7616K, reserved 1048576K
}
Event: 1085.659 GC heap before
{Heap before GC invocations=102 (full 84):
 garbage-first heap   total 76800K, used 38959K [0x00000000c0000000, 0x0000000100000000)
  region size 1024K, 1 young (1024K), 0 survivors (0K)
 Metaspace       used 57148K, committed 57984K, reserved 1114112K
  class space    used 7215K, committed 7616K, reserved 1048576K
}
Event: 1085.714 GC heap after
{Heap after GC invocations=103 (full 85):
 garbage-first heap   total 76800K, used 38959K [0x00000000c0000000, 0x0000000100000000)
  region size 1024K, 0 young (0K), 0 survivors (0K)
 Metaspace       used 57148K, committed 57984K, reserved 1114112K
  class space    used 7215K, committed 7616K, reserved 1048576K
}
Event: 1096.063 GC heap before
{Heap before GC invocations=103 (full 85):
 garbage-first heap   total 76800K, used 38959K [0x00000000c0000000, 0x0000000100000000)
  region size 1024K, 1 young (1024K), 0 survivors (0K)
 Metaspace       used 57148K, committed 57984K, reserved 1114112K
  class space    used 7215K, committed 7616K, reserved 1048576K
}
Event: 1096.128 GC heap after
{Heap after GC invocations=104 (full 86):
 garbage-first heap   total 76800K, used 38959K [0x00000000c0000000, 0x0000000100000000)
  region size 1024K, 0 young (0K), 0 survivors (0K)
 Metaspace       used 57148K, committed 57984K, reserved 1114112K
  class space    used 7215K, committed 7616K, reserved 1048576K
}
Event: 1106.509 GC heap before
{Heap before GC invocations=104 (full 86):
 garbage-first heap   total 76800K, used 38959K [0x00000000c0000000, 0x0000000100000000)
  region size 1024K, 1 young (1024K), 0 survivors (0K)
 Metaspace       used 57148K, committed 57984K, reserved 1114112K
  class space    used 7215K, committed 7616K, reserved 1048576K
}
Event: 1106.567 GC heap after
{Heap after GC invocations=105 (full 87):
 garbage-first heap   total 76800K, used 38959K [0x00000000c0000000, 0x0000000100000000)
  region size 1024K, 0 young (0K), 0 survivors (0K)
 Metaspace       used 57148K, committed 57984K, reserved 1114112K
  class space    used 7215K, committed 7616K, reserved 1048576K
}
Event: 1117.992 GC heap before
{Heap before GC invocations=105 (full 87):
 garbage-first heap   total 76800K, used 38959K [0x00000000c0000000, 0x0000000100000000)
  region size 1024K, 1 young (1024K), 0 survivors (0K)
 Metaspace       used 57148K, committed 57984K, reserved 1114112K
  class space    used 7215K, committed 7616K, reserved 1048576K
}
Event: 1118.053 GC heap after
{Heap after GC invocations=106 (full 88):
 garbage-first heap   total 76800K, used 38959K [0x00000000c0000000, 0x0000000100000000)
  region size 1024K, 0 young (0K), 0 survivors (0K)
 Metaspace       used 57148K, committed 57984K, reserved 1114112K
  class space    used 7215K, committed 7616K, reserved 1048576K
}
Event: 1128.608 GC heap before
{Heap before GC invocations=106 (full 88):
 garbage-first heap   total 76800K, used 38959K [0x00000000c0000000, 0x0000000100000000)
  region size 1024K, 1 young (1024K), 0 survivors (0K)
 Metaspace       used 57148K, committed 57984K, reserved 1114112K
  class space    used 7215K, committed 7616K, reserved 1048576K
}
Event: 1128.663 GC heap after
{Heap after GC invocations=107 (full 89):
 garbage-first heap   total 76800K, used 38959K [0x00000000c0000000, 0x0000000100000000)
  region size 1024K, 0 young (0K), 0 survivors (0K)
 Metaspace       used 57148K, committed 57984K, reserved 1114112K
  class space    used 7215K, committed 7616K, reserved 1048576K
}
Event: 1138.880 GC heap before
{Heap before GC invocations=107 (full 89):
 garbage-first heap   total 76800K, used 38959K [0x00000000c0000000, 0x0000000100000000)
  region size 1024K, 1 young (1024K), 0 survivors (0K)
 Metaspace       used 57148K, committed 57984K, reserved 1114112K
  class space    used 7215K, committed 7616K, reserved 1048576K
}
Event: 1138.933 GC heap after
{Heap after GC invocations=108 (full 90):
 garbage-first heap   total 76800K, used 38959K [0x00000000c0000000, 0x0000000100000000)
  region size 1024K, 0 young (0K), 0 survivors (0K)
 Metaspace       used 57148K, committed 57984K, reserved 1114112K
  class space    used 7215K, committed 7616K, reserved 1048576K
}
Event: 1149.002 GC heap before
{Heap before GC invocations=108 (full 90):
 garbage-first heap   total 76800K, used 38959K [0x00000000c0000000, 0x0000000100000000)
  region size 1024K, 1 young (1024K), 0 survivors (0K)
 Metaspace       used 57148K, committed 57984K, reserved 1114112K
  class space    used 7215K, committed 7616K, reserved 1048576K
}

