# JRE version: OpenJDK Runtime Environment Temurin-21.0.8+9 (21.0.8+9) (build 21.0.8+9-LTS)
# Java VM: OpenJDK 64-Bit Server VM Temurin-21.0.8+9 (21.0.8+9-LTS, mixed mode, sharing, tiered, compressed oops, compressed class ptrs, g1 gc, windows-amd64)
GC Precious Log:
 CardTable entry size: 512
 Card Set container configuration: InlinePtr #cards 5 size 8 Array Of Cards #cards 12 size 40 Howl #buckets 4 coarsen threshold 1843 Howl Bitmap #cards 512 size 80 coarsen threshold 460 Card regions per heap region 1 cards per card region 2048
 CPUs: 8 total, 8 available
 Memory: 8037M
 Large Page Support: Disabled
 NUMA Support: Disabled
 Compressed Oops: Enabled (32-bit)
 Heap Region Size: 1M
 Heap Min Capacity: 8M
 Heap Initial Capacity: 126M
 Heap Max Capacity: 2010M
 Pre-touch: Disabled
 Parallel Workers: 8
 Concurrent Workers: 2
 Concurrent Refinement Workers: 8
 Periodic GC: Disabled
Heap:
 garbage-first heap   total 153600K, used 118079K [0x0000000082600000, 0x0000000100000000)
  region size 1024K, 88 young (90112K), 8 survivors (8192K)
 Metaspace       used 92968K, committed 93760K, reserved 1179648K
  class space    used 11485K, committed 11840K, reserved 1048576K
GC Heap History (20 events):
Event: 20.387 GC heap before
{Heap before GC invocations=27 (full 0):
 garbage-first heap   total 109568K, used 31494K [0x0000000082600000, 0x0000000100000000)
  region size 1024K, 7 young (7168K), 5 survivors (5120K)
 Metaspace       used 59506K, committed 60096K, reserved 1114112K
  class space    used 7376K, committed 7616K, reserved 1048576K
}
Event: 20.397 GC heap after
{Heap after GC invocations=28 (full 0):
 garbage-first heap   total 109568K, used 30741K [0x0000000082600000, 0x0000000100000000)
  region size 1024K, 5 young (5120K), 5 survivors (5120K)
 Metaspace       used 59506K, committed 60096K, reserved 1114112K
  class space    used 7376K, committed 7616K, reserved 1048576K
}
Event: 21.357 GC heap before
{Heap before GC invocations=29 (full 0):
 garbage-first heap   total 106496K, used 89109K [0x0000000082600000, 0x0000000100000000)
  region size 1024K, 62 young (63488K), 5 survivors (5120K)
 Metaspace       used 63231K, committed 63872K, reserved 1114112K
  class space    used 7810K, committed 8064K, reserved 1048576K
}
Event: 21.371 GC heap after
{Heap after GC invocations=30 (full 0):
 garbage-first heap   total 106496K, used 31348K [0x0000000082600000, 0x0000000100000000)
  region size 1024K, 5 young (5120K), 5 survivors (5120K)
 Metaspace       used 63231K, committed 63872K, reserved 1114112K
  class space    used 7810K, committed 8064K, reserved 1048576K
}
Event: 21.906 GC heap before
{Heap before GC invocations=30 (full 0):
 garbage-first heap   total 106496K, used 89716K [0x0000000082600000, 0x0000000100000000)
  region size 1024K, 62 young (63488K), 5 survivors (5120K)
 Metaspace       used 65854K, committed 66496K, reserved 1114112K
  class space    used 8053K, committed 8320K, reserved 1048576K
}
Event: 21.924 GC heap after
{Heap after GC invocations=31 (full 0):
 garbage-first heap   total 106496K, used 31484K [0x0000000082600000, 0x0000000100000000)
  region size 1024K, 5 young (5120K), 5 survivors (5120K)
 Metaspace       used 65854K, committed 66496K, reserved 1114112K
  class space    used 8053K, committed 8320K, reserved 1048576K
}
Event: 22.398 GC heap before
{Heap before GC invocations=31 (full 0):
 garbage-first heap   total 106496K, used 89852K [0x0000000082600000, 0x0000000100000000)
  region size 1024K, 62 young (63488K), 5 survivors (5120K)
 Metaspace       used 68041K, committed 68672K, reserved 1114112K
  class space    used 8243K, committed 8512K, reserved 1048576K
}
Event: 22.411 GC heap after
{Heap after GC invocations=32 (full 0):
 garbage-first heap   total 128000K, used 32121K [0x0000000082600000, 0x0000000100000000)
  region size 1024K, 5 young (5120K), 5 survivors (5120K)
 Metaspace       used 68041K, committed 68672K, reserved 1114112K
  class space    used 8243K, committed 8512K, reserved 1048576K
}
Event: 23.086 GC heap before
{Heap before GC invocations=32 (full 0):
 garbage-first heap   total 128000K, used 103801K [0x0000000082600000, 0x0000000100000000)
  region size 1024K, 75 young (76800K), 5 survivors (5120K)
 Metaspace       used 70916K, committed 71552K, reserved 1114112K
  class space    used 8544K, committed 8832K, reserved 1048576K
}
Event: 23.095 GC heap after
{Heap after GC invocations=33 (full 0):
 garbage-first heap   total 128000K, used 32235K [0x0000000082600000, 0x0000000100000000)
  region size 1024K, 5 young (5120K), 5 survivors (5120K)
 Metaspace       used 70916K, committed 71552K, reserved 1114112K
  class space    used 8544K, committed 8832K, reserved 1048576K
}
Event: 23.884 GC heap before
{Heap before GC invocations=33 (full 0):
 garbage-first heap   total 128000K, used 102891K [0x0000000082600000, 0x0000000100000000)
  region size 1024K, 75 young (76800K), 5 survivors (5120K)
 Metaspace       used 74151K, committed 74816K, reserved 1179648K
  class space    used 8920K, committed 9216K, reserved 1048576K
}
Event: 23.894 GC heap after
{Heap after GC invocations=34 (full 0):
 garbage-first heap   total 128000K, used 35021K [0x0000000082600000, 0x0000000100000000)
  region size 1024K, 8 young (8192K), 8 survivors (8192K)
 Metaspace       used 74151K, committed 74816K, reserved 1179648K
  class space    used 8920K, committed 9216K, reserved 1048576K
}
Event: 24.789 GC heap before
{Heap before GC invocations=34 (full 0):
 garbage-first heap   total 128000K, used 103629K [0x0000000082600000, 0x0000000100000000)
  region size 1024K, 75 young (76800K), 8 survivors (8192K)
 Metaspace       used 78718K, committed 79296K, reserved 1179648K
  class space    used 9612K, committed 9856K, reserved 1048576K
}
Event: 24.800 GC heap after
{Heap after GC invocations=35 (full 0):
 garbage-first heap   total 128000K, used 33756K [0x0000000082600000, 0x0000000100000000)
  region size 1024K, 4 young (4096K), 4 survivors (4096K)
 Metaspace       used 78718K, committed 79296K, reserved 1179648K
  class space    used 9612K, committed 9856K, reserved 1048576K
}
Event: 25.787 GC heap before
{Heap before GC invocations=35 (full 0):
 garbage-first heap   total 128000K, used 106460K [0x0000000082600000, 0x0000000100000000)
  region size 1024K, 75 young (76800K), 4 survivors (4096K)
 Metaspace       used 82329K, committed 82944K, reserved 1179648K
  class space    used 10077K, committed 10368K, reserved 1048576K
}
Event: 25.795 GC heap after
{Heap after GC invocations=36 (full 0):
 garbage-first heap   total 153600K, used 34266K [0x0000000082600000, 0x0000000100000000)
  region size 1024K, 5 young (5120K), 5 survivors (5120K)
 Metaspace       used 82329K, committed 82944K, reserved 1179648K
  class space    used 10077K, committed 10368K, reserved 1048576K
}
Event: 27.121 GC heap before
{Heap before GC invocations=36 (full 0):
 garbage-first heap   total 153600K, used 121306K [0x0000000082600000, 0x0000000100000000)
  region size 1024K, 90 young (92160K), 5 survivors (5120K)
 Metaspace       used 87030K, committed 87680K, reserved 1179648K
  class space    used 10681K, committed 10944K, reserved 1048576K
}
Event: 27.136 GC heap after
{Heap after GC invocations=37 (full 0):
 garbage-first heap   total 153600K, used 36061K [0x0000000082600000, 0x0000000100000000)
  region size 1024K, 7 young (7168K), 7 survivors (7168K)
 Metaspace       used 87030K, committed 87680K, reserved 1179648K
  class space    used 10681K, committed 10944K, reserved 1048576K
}
Event: 28.218 GC heap before
{Heap before GC invocations=37 (full 0):
 garbage-first heap   total 153600K, used 120029K [0x0000000082600000, 0x0000000100000000)
  region size 1024K, 90 young (92160K), 7 survivors (7168K)
 Metaspace       used 90613K, committed 91328K, reserved 1179648K
  class space    used 11029K, committed 11392K, reserved 1048576K
}
Event: 28.232 GC heap after
{Heap after GC invocations=38 (full 0):
 garbage-first heap   total 153600K, used 37183K [0x0000000082600000, 0x0000000100000000)
  region size 1024K, 8 young (8192K), 8 survivors (8192K)
 Metaspace       used 90613K, committed 91328K, reserved 1179648K
  class space    used 11029K, committed 11392K, reserved 1048576K
}

